# JRE version: OpenJDK Runtime Environment (8.0_242-b01) (build 1.8.0_242-release-1644-b01)
# Java VM: OpenJDK 64-Bit Server VM (25.242-b01 mixed mode windows-amd64 compressed oops)
Heap:
 PSYoungGen      total 422912K, used 346620K [0x00000000d5580000, 0x00000000f2c80000, 0x0000000100000000)
  eden space 374784K, 82% used [0x00000000d5580000,0x00000000e81e2ed0,0x00000000ec380000)
  from space 48128K, 81% used [0x00000000ef680000,0x00000000f1c9c3a8,0x00000000f2580000)
  to   space 52224K, 0% used [0x00000000ec380000,0x00000000ec380000,0x00000000ef680000)
 ParOldGen       total 199680K, used 87360K [0x0000000080000000, 0x000000008c300000, 0x00000000d5580000)
  object space 199680K, 43% used [0x0000000080000000,0x00000000855502f8,0x000000008c300000)
 Metaspace       used 117653K, capacity 124162K, committed 124376K, reserved 1157120K
  class space    used 15144K, capacity 16370K, committed 16384K, reserved 1048576K
GC Heap History (10 events):
Event: 4638.342 GC heap before
{Heap before GC invocations=24 (full 4):
 PSYoungGen      total 295424K, used 266240K [0x00000000d5580000, 0x00000000eb700000, 0x0000000100000000)
  eden space 266240K, 100% used [0x00000000d5580000,0x00000000e5980000,0x00000000e5980000)
  from space 29184K, 0% used [0x00000000e5980000,0x00000000e5980000,0x00000000e7600000)
  to   space 36864K, 0% used [0x00000000e9300000,0x00000000e9300000,0x00000000eb700000)
 ParOldGen       total 199680K, used 71962K [0x0000000080000000, 0x000000008c300000, 0x00000000d5580000)
  object space 199680K, 36% used [0x0000000080000000,0x0000000084646968,0x000000008c300000)
 Metaspace       used 98330K, capacity 102392K, committed 104152K, reserved 1140736K
  class space    used 12626K, capacity 13430K, committed 13824K, reserved 1048576K
Event: 4638.395 GC heap after
Heap after GC invocations=24 (full 4):
 PSYoungGen      total 325632K, used 20056K [0x00000000d5580000, 0x00000000ed080000, 0x0000000100000000)
  eden space 288768K, 0% used [0x00000000d5580000,0x00000000d5580000,0x00000000e6f80000)
  from space 36864K, 54% used [0x00000000e9300000,0x00000000ea696078,0x00000000eb700000)
  to   space 36352K, 0% used [0x00000000e6f80000,0x00000000e6f80000,0x00000000e9300000)
 ParOldGen       total 199680K, used 71970K [0x0000000080000000, 0x000000008c300000, 0x00000000d5580000)
  object space 199680K, 36% used [0x0000000080000000,0x0000000084648968,0x000000008c300000)
 Metaspace       used 98330K, capacity 102392K, committed 104152K, reserved 1140736K
  class space    used 12626K, capacity 13430K, committed 13824K, reserved 1048576K
}
Event: 4649.534 GC heap before
{Heap before GC invocations=25 (full 4):
 PSYoungGen      total 325632K, used 308824K [0x00000000d5580000, 0x00000000ed080000, 0x0000000100000000)
  eden space 288768K, 100% used [0x00000000d5580000,0x00000000e6f80000,0x00000000e6f80000)
  from space 36864K, 54% used [0x00000000e9300000,0x00000000ea696078,0x00000000eb700000)
  to   space 36352K, 0% used [0x00000000e6f80000,0x00000000e6f80000,0x00000000e9300000)
 ParOldGen       total 199680K, used 71970K [0x0000000080000000, 0x000000008c300000, 0x00000000d5580000)
  object space 199680K, 36% used [0x0000000080000000,0x0000000084648968,0x000000008c300000)
 Metaspace       used 104017K, capacity 108218K, committed 109784K, reserved 1144832K
  class space    used 13340K, capacity 14190K, committed 14592K, reserved 1048576K
Event: 4649.703 GC heap after
Heap after GC invocations=25 (full 4):
 PSYoungGen      total 325120K, used 22272K [0x00000000d5580000, 0x00000000eea80000, 0x0000000100000000)
  eden space 288768K, 0% used [0x00000000d5580000,0x00000000d5580000,0x00000000e6f80000)
  from space 36352K, 61% used [0x00000000e6f80000,0x00000000e8540368,0x00000000e9300000)
  to   space 36352K, 0% used [0x00000000ec700000,0x00000000ec700000,0x00000000eea80000)
 ParOldGen       total 199680K, used 71978K [0x0000000080000000, 0x000000008c300000, 0x00000000d5580000)
  object space 199680K, 36% used [0x0000000080000000,0x000000008464a968,0x000000008c300000)
 Metaspace       used 104017K, capacity 108218K, committed 109784K, reserved 1144832K
  class space    used 13340K, capacity 14190K, committed 14592K, reserved 1048576K
}
Event: 5717.012 GC heap before
{Heap before GC invocations=26 (full 4):
 PSYoungGen      total 325120K, used 311040K [0x00000000d5580000, 0x00000000eea80000, 0x0000000100000000)
  eden space 288768K, 100% used [0x00000000d5580000,0x00000000e6f80000,0x00000000e6f80000)
  from space 36352K, 61% used [0x00000000e6f80000,0x00000000e8540368,0x00000000e9300000)
  to   space 36352K, 0% used [0x00000000ec700000,0x00000000ec700000,0x00000000eea80000)
 ParOldGen       total 199680K, used 71978K [0x0000000080000000, 0x000000008c300000, 0x00000000d5580000)
  object space 199680K, 36% used [0x0000000080000000,0x000000008464a968,0x000000008c300000)
 Metaspace       used 107505K, capacity 112490K, committed 112856K, reserved 1146880K
  class space    used 13781K, capacity 14785K, committed 14848K, reserved 1048576K
Event: 5717.097 GC heap after
Heap after GC invocations=26 (full 4):
 PSYoungGen      total 370688K, used 36326K [0x00000000d5580000, 0x00000000eee00000, 0x0000000100000000)
  eden space 334336K, 0% used [0x00000000d5580000,0x00000000d5580000,0x00000000e9c00000)
  from space 36352K, 99% used [0x00000000ec700000,0x00000000eea79bc0,0x00000000eea80000)
  to   space 41984K, 0% used [0x00000000e9c00000,0x00000000e9c00000,0x00000000ec500000)
 ParOldGen       total 199680K, used 72598K [0x0000000080000000, 0x000000008c300000, 0x00000000d5580000)
  object space 199680K, 36% used [0x0000000080000000,0x00000000846e5868,0x000000008c300000)
 Metaspace       used 107505K, capacity 112490K, committed 112856K, reserved 1146880K
  class space    used 13781K, capacity 14785K, committed 14848K, reserved 1048576K
}
Event: 5850.456 GC heap before
{Heap before GC invocations=27 (full 4):
 PSYoungGen      total 370688K, used 369688K [0x00000000d5580000, 0x00000000eee00000, 0x0000000100000000)
  eden space 334336K, 99% used [0x00000000d5580000,0x00000000e9b0c460,0x00000000e9c00000)
  from space 36352K, 99% used [0x00000000ec700000,0x00000000eea79bc0,0x00000000eea80000)
  to   space 41984K, 0% used [0x00000000e9c00000,0x00000000e9c00000,0x00000000ec500000)
 ParOldGen       total 199680K, used 72598K [0x0000000080000000, 0x000000008c300000, 0x00000000d5580000)
  object space 199680K, 36% used [0x0000000080000000,0x00000000846e5868,0x000000008c300000)
 Metaspace       used 109310K, capacity 114680K, committed 114776K, reserved 1148928K
  class space    used 14022K, capacity 15145K, committed 15232K, reserved 1048576K
Event: 5850.546 GC heap after
Heap after GC invocations=27 (full 4):
 PSYoungGen      total 376320K, used 41970K [0x00000000d5580000, 0x00000000f2580000, 0x0000000100000000)
  eden space 334336K, 0% used [0x00000000d5580000,0x00000000d5580000,0x00000000e9c00000)
  from space 41984K, 99% used [0x00000000e9c00000,0x00000000ec4fc988,0x00000000ec500000)
  to   space 48128K, 0% used [0x00000000ef680000,0x00000000ef680000,0x00000000f2580000)
 ParOldGen       total 199680K, used 72754K [0x0000000080000000, 0x000000008c300000, 0x00000000d5580000)
  object space 199680K, 36% used [0x0000000080000000,0x000000008470c8f8,0x000000008c300000)
 Metaspace       used 109310K, capacity 114680K, committed 114776K, reserved 1148928K
  class space    used 14022K, capacity 15145K, committed 15232K, reserved 1048576K
}
Event: 5870.678 GC heap before
{Heap before GC invocations=28 (full 4):
 PSYoungGen      total 376320K, used 376306K [0x00000000d5580000, 0x00000000f2580000, 0x0000000100000000)
  eden space 334336K, 100% used [0x00000000d5580000,0x00000000e9c00000,0x00000000e9c00000)
  from space 41984K, 99% used [0x00000000e9c00000,0x00000000ec4fc988,0x00000000ec500000)
  to   space 48128K, 0% used [0x00000000ef680000,0x00000000ef680000,0x00000000f2580000)
 ParOldGen       total 199680K, used 72754K [0x0000000080000000, 0x000000008c300000, 0x00000000d5580000)
  object space 199680K, 36% used [0x0000000080000000,0x000000008470c8f8,0x000000008c300000)
 Metaspace       used 116754K, capacity 123172K, committed 123224K, reserved 1157120K
  class space    used 15018K, capacity 16235K, committed 16256K, reserved 1048576K
Event: 5870.828 GC heap after
Heap after GC invocations=28 (full 4):
 PSYoungGen      total 422912K, used 39024K [0x00000000d5580000, 0x00000000f2c80000, 0x0000000100000000)
  eden space 374784K, 0% used [0x00000000d5580000,0x00000000d5580000,0x00000000ec380000)
  from space 48128K, 81% used [0x00000000ef680000,0x00000000f1c9c3a8,0x00000000f2580000)
  to   space 52224K, 0% used [0x00000000ec380000,0x00000000ec380000,0x00000000ef680000)
 ParOldGen       total 199680K, used 87360K [0x0000000080000000, 0x000000008c300000, 0x00000000d5580000)
  object space 199680K, 43% used [0x0000000080000000,0x00000000855502f8,0x000000008c300000)
 Metaspace       used 116754K, capacity 123172K, committed 123224K, reserved 1157120K
  class space    used 15018K, capacity 16235K, committed 16256K, reserved 1048576K
}

