# JRE version: OpenJDK Runtime Environment (8.0_242-b01) (build 1.8.0_242-release-1644-b01)
# Java VM: OpenJDK 64-Bit Server VM (25.242-b01 mixed mode windows-amd64 compressed oops)
Heap:
 PSYoungGen      total 614400K, used 130124K [0x00000000d5580000, 0x0000000100000000, 0x0000000100000000)
  eden space 566784K, 14% used [0x00000000d5580000,0x00000000da619b48,0x00000000f7f00000)
  from space 47616K, 99% used [0x00000000f7f00000,0x00000000fad794d8,0x00000000fad80000)
  to   space 69120K, 0% used [0x00000000fbc80000,0x00000000fbc80000,0x0000000100000000)
 ParOldGen       total 212480K, used 126054K [0x0000000080000000, 0x000000008cf80000, 0x00000000d5580000)
  object space 212480K, 59% used [0x0000000080000000,0x0000000087b199a0,0x000000008cf80000)
 Metaspace       used 76680K, capacity 81014K, committed 81176K, reserved 1120256K
  class space    used 10437K, capacity 11245K, committed 11312K, reserved 1048576K
GC Heap History (10 events):
Event: 44.768 GC heap before
{Heap before GC invocations=25 (full 4):
 PSYoungGen      total 554496K, used 549501K [0x00000000d5580000, 0x00000000fb080000, 0x0000000100000000)
  eden space 512512K, 100% used [0x00000000d5580000,0x00000000f4a00000,0x00000000f4a00000)
  from space 41984K, 88% used [0x00000000f7780000,0x00000000f9b9f7c0,0x00000000fa080000)
  to   space 46592K, 0% used [0x00000000f4a00000,0x00000000f4a00000,0x00000000f7780000)
 ParOldGen       total 212480K, used 104940K [0x0000000080000000, 0x000000008cf80000, 0x00000000d5580000)
  object space 212480K, 49% used [0x0000000080000000,0x000000008667b238,0x000000008cf80000)
 Metaspace       used 76217K, capacity 80368K, committed 80664K, reserved 1118208K
  class space    used 10386K, capacity 11174K, committed 11312K, reserved 1048576K
Event: 44.978 GC heap after
Heap after GC invocations=25 (full 4):
 PSYoungGen      total 559104K, used 46574K [0x00000000d5580000, 0x00000000fb080000, 0x0000000100000000)
  eden space 512512K, 0% used [0x00000000d5580000,0x00000000d5580000,0x00000000f4a00000)
  from space 46592K, 99% used [0x00000000f4a00000,0x00000000f777ba48,0x00000000f7780000)
  to   space 41984K, 0% used [0x00000000f7780000,0x00000000f7780000,0x00000000fa080000)
 ParOldGen       total 212480K, used 107449K [0x0000000080000000, 0x000000008cf80000, 0x00000000d5580000)
  object space 212480K, 50% used [0x0000000080000000,0x00000000868ee478,0x000000008cf80000)
 Metaspace       used 76217K, capacity 80368K, committed 80664K, reserved 1118208K
  class space    used 10386K, capacity 11174K, committed 11312K, reserved 1048576K
}
Event: 48.232 GC heap before
{Heap before GC invocations=26 (full 4):
 PSYoungGen      total 559104K, used 559086K [0x00000000d5580000, 0x00000000fb080000, 0x0000000100000000)
  eden space 512512K, 100% used [0x00000000d5580000,0x00000000f4a00000,0x00000000f4a00000)
  from space 46592K, 99% used [0x00000000f4a00000,0x00000000f777ba48,0x00000000f7780000)
  to   space 41984K, 0% used [0x00000000f7780000,0x00000000f7780000,0x00000000fa080000)
 ParOldGen       total 212480K, used 107449K [0x0000000080000000, 0x000000008cf80000, 0x00000000d5580000)
  object space 212480K, 50% used [0x0000000080000000,0x00000000868ee478,0x000000008cf80000)
 Metaspace       used 76331K, capacity 80608K, committed 80920K, reserved 1118208K
  class space    used 10389K, capacity 11208K, committed 11312K, reserved 1048576K
Event: 48.391 GC heap after
Heap after GC invocations=26 (full 4):
 PSYoungGen      total 554496K, used 41966K [0x00000000d5580000, 0x00000000fb080000, 0x0000000100000000)
  eden space 512512K, 0% used [0x00000000d5580000,0x00000000d5580000,0x00000000f4a00000)
  from space 41984K, 99% used [0x00000000f7780000,0x00000000fa07b8a0,0x00000000fa080000)
  to   space 46592K, 0% used [0x00000000f4a00000,0x00000000f4a00000,0x00000000f7780000)
 ParOldGen       total 212480K, used 117082K [0x0000000080000000, 0x000000008cf80000, 0x00000000d5580000)
  object space 212480K, 55% used [0x0000000080000000,0x0000000087256a88,0x000000008cf80000)
 Metaspace       used 76331K, capacity 80608K, committed 80920K, reserved 1118208K
  class space    used 10389K, capacity 11208K, committed 11312K, reserved 1048576K
}
Event: 53.645 GC heap before
{Heap before GC invocations=27 (full 4):
 PSYoungGen      total 554496K, used 554478K [0x00000000d5580000, 0x00000000fb080000, 0x0000000100000000)
  eden space 512512K, 100% used [0x00000000d5580000,0x00000000f4a00000,0x00000000f4a00000)
  from space 41984K, 99% used [0x00000000f7780000,0x00000000fa07b8a0,0x00000000fa080000)
  to   space 46592K, 0% used [0x00000000f4a00000,0x00000000f4a00000,0x00000000f7780000)
 ParOldGen       total 212480K, used 117082K [0x0000000080000000, 0x000000008cf80000, 0x00000000d5580000)
  object space 212480K, 55% used [0x0000000080000000,0x0000000087256a88,0x000000008cf80000)
 Metaspace       used 76589K, capacity 80902K, committed 81176K, reserved 1120256K
  class space    used 10431K, capacity 11239K, committed 11312K, reserved 1048576K
Event: 53.771 GC heap after
Heap after GC invocations=27 (full 4):
 PSYoungGen      total 559104K, used 36019K [0x00000000d5580000, 0x0000000100000000, 0x0000000100000000)
  eden space 512512K, 0% used [0x00000000d5580000,0x00000000d5580000,0x00000000f4a00000)
  from space 46592K, 77% used [0x00000000f4a00000,0x00000000f6d2cc58,0x00000000f7780000)
  to   space 62464K, 0% used [0x00000000fc300000,0x00000000fc300000,0x0000000100000000)
 ParOldGen       total 212480K, used 126046K [0x0000000080000000, 0x000000008cf80000, 0x00000000d5580000)
  object space 212480K, 59% used [0x0000000080000000,0x0000000087b179a0,0x000000008cf80000)
 Metaspace       used 76589K, capacity 80902K, committed 81176K, reserved 1120256K
  class space    used 10431K, capacity 11239K, committed 11312K, reserved 1048576K
}
Event: 56.965 GC heap before
{Heap before GC invocations=28 (full 4):
 PSYoungGen      total 559104K, used 548531K [0x00000000d5580000, 0x0000000100000000, 0x0000000100000000)
  eden space 512512K, 100% used [0x00000000d5580000,0x00000000f4a00000,0x00000000f4a00000)
  from space 46592K, 77% used [0x00000000f4a00000,0x00000000f6d2cc58,0x00000000f7780000)
  to   space 62464K, 0% used [0x00000000fc300000,0x00000000fc300000,0x0000000100000000)
 ParOldGen       total 212480K, used 126046K [0x0000000080000000, 0x000000008cf80000, 0x00000000d5580000)
  object space 212480K, 59% used [0x0000000080000000,0x0000000087b179a0,0x000000008cf80000)
 Metaspace       used 76634K, capacity 80942K, committed 81176K, reserved 1120256K
  class space    used 10435K, capacity 11245K, committed 11312K, reserved 1048576K
Event: 57.093 GC heap after
Heap after GC invocations=28 (full 4):
 PSYoungGen      total 629248K, used 45035K [0x00000000d5580000, 0x0000000100000000, 0x0000000100000000)
  eden space 566784K, 0% used [0x00000000d5580000,0x00000000d5580000,0x00000000f7f00000)
  from space 62464K, 72% used [0x00000000fc300000,0x00000000feefaed0,0x0000000100000000)
  to   space 66048K, 0% used [0x00000000f7f00000,0x00000000f7f00000,0x00000000fbf80000)
 ParOldGen       total 212480K, used 126046K [0x0000000080000000, 0x000000008cf80000, 0x00000000d5580000)
  object space 212480K, 59% used [0x0000000080000000,0x0000000087b179a0,0x000000008cf80000)
 Metaspace       used 76634K, capacity 80942K, committed 81176K, reserved 1120256K
  class space    used 10435K, capacity 11245K, committed 11312K, reserved 1048576K
}
Event: 60.073 GC heap before
{Heap before GC invocations=29 (full 4):
 PSYoungGen      total 629248K, used 611819K [0x00000000d5580000, 0x0000000100000000, 0x0000000100000000)
  eden space 566784K, 100% used [0x00000000d5580000,0x00000000f7f00000,0x00000000f7f00000)
  from space 62464K, 72% used [0x00000000fc300000,0x00000000feefaed0,0x0000000100000000)
  to   space 66048K, 0% used [0x00000000f7f00000,0x00000000f7f00000,0x00000000fbf80000)
 ParOldGen       total 212480K, used 126046K [0x0000000080000000, 0x000000008cf80000, 0x00000000d5580000)
  object space 212480K, 59% used [0x0000000080000000,0x0000000087b179a0,0x000000008cf80000)
 Metaspace       used 76677K, capacity 81014K, committed 81176K, reserved 1120256K
  class space    used 10437K, capacity 11245K, committed 11312K, reserved 1048576K
Event: 60.210 GC heap after
Heap after GC invocations=29 (full 4):
 PSYoungGen      total 614400K, used 47589K [0x00000000d5580000, 0x0000000100000000, 0x0000000100000000)
  eden space 566784K, 0% used [0x00000000d5580000,0x00000000d5580000,0x00000000f7f00000)
  from space 47616K, 99% used [0x00000000f7f00000,0x00000000fad794d8,0x00000000fad80000)
  to   space 69120K, 0% used [0x00000000fbc80000,0x00000000fbc80000,0x0000000100000000)
 ParOldGen       total 212480K, used 126054K [0x0000000080000000, 0x000000008cf80000, 0x00000000d5580000)
  object space 212480K, 59% used [0x0000000080000000,0x0000000087b199a0,0x000000008cf80000)
 Metaspace       used 76677K, capacity 81014K, committed 81176K, reserved 1120256K
  class space    used 10437K, capacity 11245K, committed 11312K, reserved 1048576K
}

