# JRE version: OpenJDK Runtime Environment (8.0_242-b01) (build 1.8.0_242-release-1644-b01)
# Java VM: OpenJDK 64-Bit Server VM (25.242-b01 mixed mode windows-amd64 compressed oops)
Heap:
 PSYoungGen      total 563712K, used 447762K [0x00000000d5580000, 0x00000000fad00000, 0x0000000100000000)
  eden space 532992K, 82% used [0x00000000d5580000,0x00000000f0188548,0x00000000f5e00000)
  from space 30720K, 30% used [0x00000000f8f00000,0x00000000f983c5f8,0x00000000fad00000)
  to   space 40448K, 0% used [0x00000000f5e00000,0x00000000f5e00000,0x00000000f8580000)
 ParOldGen       total 212480K, used 115338K [0x0000000080000000, 0x000000008cf80000, 0x00000000d5580000)
  object space 212480K, 54% used [0x0000000080000000,0x00000000870a2808,0x000000008cf80000)
 Metaspace       used 99568K, capacity 105026K, committed 105048K, reserved 1140736K
  class space    used 13128K, capacity 14194K, committed 14208K, reserved 1048576K
GC Heap History (10 events):
Event: 90.715 GC heap before
{Heap before GC invocations=24 (full 4):
 PSYoungGen      total 326656K, used 294151K [0x00000000d5580000, 0x00000000f0580000, 0x0000000100000000)
  eden space 281088K, 100% used [0x00000000d5580000,0x00000000e6800000,0x00000000e6800000)
  from space 45568K, 28% used [0x00000000e6800000,0x00000000e74c1cc0,0x00000000e9480000)
  to   space 43520K, 0% used [0x00000000edb00000,0x00000000edb00000,0x00000000f0580000)
 ParOldGen       total 212480K, used 88263K [0x0000000080000000, 0x000000008cf80000, 0x00000000d5580000)
  object space 212480K, 41% used [0x0000000080000000,0x0000000085631ce0,0x000000008cf80000)
 Metaspace       used 97857K, capacity 103048K, committed 103128K, reserved 1138688K
  class space    used 12982K, capacity 14005K, committed 14080K, reserved 1048576K
Event: 90.760 GC heap after
Heap after GC invocations=24 (full 4):
 PSYoungGen      total 391680K, used 5019K [0x00000000d5580000, 0x00000000f0180000, 0x0000000100000000)
  eden space 352256K, 0% used [0x00000000d5580000,0x00000000d5580000,0x00000000ead80000)
  from space 39424K, 12% used [0x00000000edb00000,0x00000000edfe6d90,0x00000000f0180000)
  to   space 43008K, 0% used [0x00000000ead80000,0x00000000ead80000,0x00000000ed780000)
 ParOldGen       total 212480K, used 97779K [0x0000000080000000, 0x000000008cf80000, 0x00000000d5580000)
  object space 212480K, 46% used [0x0000000080000000,0x0000000085f7ce70,0x000000008cf80000)
 Metaspace       used 97857K, capacity 103048K, committed 103128K, reserved 1138688K
  class space    used 12982K, capacity 14005K, committed 14080K, reserved 1048576K
}
Event: 93.352 GC heap before
{Heap before GC invocations=25 (full 4):
 PSYoungGen      total 391680K, used 357275K [0x00000000d5580000, 0x00000000f0180000, 0x0000000100000000)
  eden space 352256K, 100% used [0x00000000d5580000,0x00000000ead80000,0x00000000ead80000)
  from space 39424K, 12% used [0x00000000edb00000,0x00000000edfe6d90,0x00000000f0180000)
  to   space 43008K, 0% used [0x00000000ead80000,0x00000000ead80000,0x00000000ed780000)
 ParOldGen       total 212480K, used 97779K [0x0000000080000000, 0x000000008cf80000, 0x00000000d5580000)
  object space 212480K, 46% used [0x0000000080000000,0x0000000085f7ce70,0x000000008cf80000)
 Metaspace       used 98035K, capacity 103248K, committed 103384K, reserved 1138688K
  class space    used 12982K, capacity 14005K, committed 14080K, reserved 1048576K
Event: 93.391 GC heap after
Heap after GC invocations=25 (full 4):
 PSYoungGen      total 395264K, used 5382K [0x00000000d5580000, 0x00000000f5280000, 0x0000000100000000)
  eden space 352256K, 0% used [0x00000000d5580000,0x00000000d5580000,0x00000000ead80000)
  from space 43008K, 12% used [0x00000000ead80000,0x00000000eb2c1888,0x00000000ed780000)
  to   space 42496K, 0% used [0x00000000f2900000,0x00000000f2900000,0x00000000f5280000)
 ParOldGen       total 212480K, used 101555K [0x0000000080000000, 0x000000008cf80000, 0x00000000d5580000)
  object space 212480K, 47% used [0x0000000080000000,0x000000008632cd88,0x000000008cf80000)
 Metaspace       used 98035K, capacity 103248K, committed 103384K, reserved 1138688K
  class space    used 12982K, capacity 14005K, committed 14080K, reserved 1048576K
}
Event: 96.585 GC heap before
{Heap before GC invocations=26 (full 4):
 PSYoungGen      total 395264K, used 357638K [0x00000000d5580000, 0x00000000f5280000, 0x0000000100000000)
  eden space 352256K, 100% used [0x00000000d5580000,0x00000000ead80000,0x00000000ead80000)
  from space 43008K, 12% used [0x00000000ead80000,0x00000000eb2c1888,0x00000000ed780000)
  to   space 42496K, 0% used [0x00000000f2900000,0x00000000f2900000,0x00000000f5280000)
 ParOldGen       total 212480K, used 101555K [0x0000000080000000, 0x000000008cf80000, 0x00000000d5580000)
  object space 212480K, 47% used [0x0000000080000000,0x000000008632cd88,0x000000008cf80000)
 Metaspace       used 98295K, capacity 103610K, committed 103640K, reserved 1138688K
  class space    used 12993K, capacity 14050K, committed 14080K, reserved 1048576K
Event: 96.657 GC heap after
Heap after GC invocations=26 (full 4):
 PSYoungGen      total 468480K, used 10614K [0x00000000d5580000, 0x00000000f4b80000, 0x0000000100000000)
  eden space 433152K, 0% used [0x00000000d5580000,0x00000000d5580000,0x00000000efc80000)
  from space 35328K, 30% used [0x00000000f2900000,0x00000000f335d910,0x00000000f4b80000)
  to   space 40448K, 0% used [0x00000000efc80000,0x00000000efc80000,0x00000000f2400000)
 ParOldGen       total 212480K, used 105520K [0x0000000080000000, 0x000000008cf80000, 0x00000000d5580000)
  object space 212480K, 49% used [0x0000000080000000,0x000000008670c178,0x000000008cf80000)
 Metaspace       used 98295K, capacity 103610K, committed 103640K, reserved 1138688K
  class space    used 12993K, capacity 14050K, committed 14080K, reserved 1048576K
}
Event: 99.217 GC heap before
{Heap before GC invocations=27 (full 4):
 PSYoungGen      total 468480K, used 443766K [0x00000000d5580000, 0x00000000f4b80000, 0x0000000100000000)
  eden space 433152K, 100% used [0x00000000d5580000,0x00000000efc80000,0x00000000efc80000)
  from space 35328K, 30% used [0x00000000f2900000,0x00000000f335d910,0x00000000f4b80000)
  to   space 40448K, 0% used [0x00000000efc80000,0x00000000efc80000,0x00000000f2400000)
 ParOldGen       total 212480K, used 105520K [0x0000000080000000, 0x000000008cf80000, 0x00000000d5580000)
  object space 212480K, 49% used [0x0000000080000000,0x000000008670c178,0x000000008cf80000)
 Metaspace       used 98638K, capacity 104012K, committed 104280K, reserved 1138688K
  class space    used 13043K, capacity 14091K, committed 14208K, reserved 1048576K
Event: 99.366 GC heap after
Heap after GC invocations=27 (full 4):
 PSYoungGen      total 473600K, used 26204K [0x00000000d5580000, 0x00000000fb800000, 0x0000000100000000)
  eden space 433152K, 0% used [0x00000000d5580000,0x00000000d5580000,0x00000000efc80000)
  from space 40448K, 64% used [0x00000000efc80000,0x00000000f16171a8,0x00000000f2400000)
  to   space 41984K, 0% used [0x00000000f8f00000,0x00000000f8f00000,0x00000000fb800000)
 ParOldGen       total 212480K, used 111063K [0x0000000080000000, 0x000000008cf80000, 0x00000000d5580000)
  object space 212480K, 52% used [0x0000000080000000,0x0000000086c75cf0,0x000000008cf80000)
 Metaspace       used 98638K, capacity 104012K, committed 104280K, reserved 1138688K
  class space    used 13043K, capacity 14091K, committed 14208K, reserved 1048576K
}
Event: 103.235 GC heap before
{Heap before GC invocations=28 (full 4):
 PSYoungGen      total 473600K, used 459356K [0x00000000d5580000, 0x00000000fb800000, 0x0000000100000000)
  eden space 433152K, 100% used [0x00000000d5580000,0x00000000efc80000,0x00000000efc80000)
  from space 40448K, 64% used [0x00000000efc80000,0x00000000f16171a8,0x00000000f2400000)
  to   space 41984K, 0% used [0x00000000f8f00000,0x00000000f8f00000,0x00000000fb800000)
 ParOldGen       total 212480K, used 111063K [0x0000000080000000, 0x000000008cf80000, 0x00000000d5580000)
  object space 212480K, 52% used [0x0000000080000000,0x0000000086c75cf0,0x000000008cf80000)
 Metaspace       used 98674K, capacity 104034K, committed 104280K, reserved 1138688K
  class space    used 13043K, capacity 14092K, committed 14208K, reserved 1048576K
Event: 103.277 GC heap after
Heap after GC invocations=28 (full 4):
 PSYoungGen      total 563712K, used 9457K [0x00000000d5580000, 0x00000000fad00000, 0x0000000100000000)
  eden space 532992K, 0% used [0x00000000d5580000,0x00000000d5580000,0x00000000f5e00000)
  from space 30720K, 30% used [0x00000000f8f00000,0x00000000f983c5f8,0x00000000fad00000)
  to   space 40448K, 0% used [0x00000000f5e00000,0x00000000f5e00000,0x00000000f8580000)
 ParOldGen       total 212480K, used 115338K [0x0000000080000000, 0x000000008cf80000, 0x00000000d5580000)
  object space 212480K, 54% used [0x0000000080000000,0x00000000870a2808,0x000000008cf80000)
 Metaspace       used 98674K, capacity 104034K, committed 104280K, reserved 1138688K
  class space    used 13043K, capacity 14092K, committed 14208K, reserved 1048576K
}

